<?xml version="1.0" encoding="UTF-8"?>
<testsuite xmlns:xsi="http://www.w3.org/2001/XMLSchema-instance" xsi:noNamespaceSchemaLocation="https://maven.apache.org/surefire/maven-surefire-plugin/xsd/surefire-test-report-3.0.xsd" version="3.0" name="motionwave.core.SongTest" time="0.146" tests="8" errors="0" skipped="0" failures="0">
  <properties>
    <property name="java.specification.version" value="23"/>
    <property name="sun.cpu.isalist" value="amd64"/>
    <property name="sun.jnu.encoding" value="Cp1252"/>
    <property name="java.class.path" value="C:\Users\neves\Documents\MEGA\MotionWave\target\test-classes;C:\Users\neves\Documents\MEGA\MotionWave\target\classes;C:\Users\neves\.m2\repository\net\jthink\jaudiotagger\3.0.1\jaudiotagger-3.0.1.jar;C:\Users\neves\.m2\repository\junit\junit\4.13.2\junit-4.13.2.jar;C:\Users\neves\.m2\repository\org\hamcrest\hamcrest-core\1.3\hamcrest-core-1.3.jar;"/>
    <property name="java.vm.vendor" value="Oracle Corporation"/>
    <property name="sun.arch.data.model" value="64"/>
    <property name="user.variant" value=""/>
    <property name="java.vendor.url" value="https://java.oracle.com/"/>
    <property name="user.timezone" value="Europe/Lisbon"/>
    <property name="os.name" value="Windows 11"/>
    <property name="java.vm.specification.version" value="23"/>
    <property name="sun.java.launcher" value="SUN_STANDARD"/>
    <property name="user.country" value="PT"/>
    <property name="sun.boot.library.path" value="C:\Program Files\Java\jdk-23\bin"/>
    <property name="sun.java.command" value="C:\Users\neves\AppData\Local\Temp\surefire13614082009660924857\surefirebooter-20250416222802594_3.jar C:\Users\neves\AppData\Local\Temp\surefire13614082009660924857 2025-04-16T22-28-02_487-jvmRun1 surefire-20250416222802594_1tmp surefire_0-20250416222802594_2tmp"/>
    <property name="jdk.debug" value="release"/>
    <property name="surefire.test.class.path" value="C:\Users\neves\Documents\MEGA\MotionWave\target\test-classes;C:\Users\neves\Documents\MEGA\MotionWave\target\classes;C:\Users\neves\.m2\repository\net\jthink\jaudiotagger\3.0.1\jaudiotagger-3.0.1.jar;C:\Users\neves\.m2\repository\junit\junit\4.13.2\junit-4.13.2.jar;C:\Users\neves\.m2\repository\org\hamcrest\hamcrest-core\1.3\hamcrest-core-1.3.jar;"/>
    <property name="sun.cpu.endian" value="little"/>
    <property name="user.home" value="C:\Users\neves"/>
    <property name="user.language" value="pt"/>
    <property name="java.specification.vendor" value="Oracle Corporation"/>
    <property name="java.version.date" value="2024-10-15"/>
    <property name="java.home" value="C:\Program Files\Java\jdk-23"/>
    <property name="file.separator" value="\"/>
    <property name="basedir" value="C:\Users\neves\Documents\MEGA\MotionWave"/>
    <property name="java.vm.compressedOopsMode" value="Zero based"/>
    <property name="line.separator" value="&#10;"/>
    <property name="java.vm.specification.vendor" value="Oracle Corporation"/>
    <property name="java.specification.name" value="Java Platform API Specification"/>
    <property name="surefire.real.class.path" value="C:\Users\neves\AppData\Local\Temp\surefire13614082009660924857\surefirebooter-20250416222802594_3.jar"/>
    <property name="user.script" value=""/>
    <property name="sun.management.compiler" value="HotSpot 64-Bit Tiered Compilers"/>
    <property name="java.runtime.version" value="23.0.1+11-39"/>
    <property name="user.name" value="neves"/>
    <property name="stdout.encoding" value="Cp1252"/>
    <property name="path.separator" value=";"/>
    <property name="os.version" value="10.0"/>
    <property name="java.runtime.name" value="Java(TM) SE Runtime Environment"/>
    <property name="file.encoding" value="UTF-8"/>
    <property name="java.vm.name" value="Java HotSpot(TM) 64-Bit Server VM"/>
    <property name="localRepository" value="C:\Users\neves\.m2\repository"/>
    <property name="java.vendor.url.bug" value="https://bugreport.java.com/bugreport/"/>
    <property name="java.io.tmpdir" value="C:\Users\neves\AppData\Local\Temp\"/>
    <property name="java.version" value="23.0.1"/>
    <property name="user.dir" value="C:\Users\neves\Documents\MEGA\MotionWave"/>
    <property name="os.arch" value="amd64"/>
    <property name="java.vm.specification.name" value="Java Virtual Machine Specification"/>
    <property name="sun.os.patch.level" value=""/>
    <property name="native.encoding" value="Cp1252"/>
    <property name="java.library.path" value="C:\Program Files\Java\jdk-23\bin;C:\WINDOWS\Sun\Java\bin;C:\WINDOWS\system32;C:\WINDOWS;C:\Program Files\Common Files\Oracle\Java\javapath;C:\WINDOWS\system32;C:\WINDOWS;C:\WINDOWS\System32\Wbem;C:\WINDOWS\System32\WindowsPowerShell\v1.0\;C:\WINDOWS\System32\OpenSSH\;C:\Program Files (x86)\NVIDIA Corporation\PhysX\Common;C:\Program Files\dotnet\;C:\Program Files\Git\cmd;C:\MinGW\bin;C:\Program Files\SoundSwitch;C:\Users\neves\Documents\Coding Libraries\apache-maven-3.9.9\bin;C:\Users\neves\scoop\shims;C:\Users\neves\AppData\Local\Programs\Python\Launcher\;C:\Users\neves\AppData\Local\Microsoft\WindowsApps;C:\Users\neves\AppData\Local\Programs\Microsoft VS Code\bin;C:\ghcup\bin;c:\Users\neves\AppData\Roaming\Code\User\globalStorage\github.copilot-chat\debugCommand;."/>
    <property name="java.vm.info" value="mixed mode, sharing"/>
    <property name="stderr.encoding" value="Cp1252"/>
    <property name="java.vendor" value="Oracle Corporation"/>
    <property name="java.vm.version" value="23.0.1+11-39"/>
    <property name="sun.io.unicode.encoding" value="UnicodeLittle"/>
    <property name="java.class.version" value="67.0"/>
  </properties>
  <testcase name="fileTypeTest" classname="motionwave.core.SongTest" time="0.079">
    <system-out><![CDATA[Reading file: C:\Users\neves\Documents\MEGA\MotionWave\src\main\resources\wash away\08 - hello euphoria - outside.flac
]]></system-out>
    <system-err><![CDATA[abr. 16, 2025 10:28:02 DA TARDE org.jaudiotagger.audio.flac.FlacInfoReader read
INFO: C:\Users\neves\Documents\MEGA\MotionWave\src\main\resources\wash away\08 - hello euphoria - outside.flac StartByte:4 BlockType:STREAMINFO DataLength:34 isLastBlock:false
abr. 16, 2025 10:28:02 DA TARDE org.jaudiotagger.audio.flac.FlacInfoReader read
INFO: C:\Users\neves\Documents\MEGA\MotionWave\src\main\resources\wash away\08 - hello euphoria - outside.flac StartByte:42 BlockType:VORBIS_COMMENT DataLength:259 isLastBlock:false
abr. 16, 2025 10:28:02 DA TARDE org.jaudiotagger.audio.flac.FlacInfoReader read
INFO: C:\Users\neves\Documents\MEGA\MotionWave\src\main\resources\wash away\08 - hello euphoria - outside.flac StartByte:305 BlockType:SEEKTABLE DataLength:198 isLastBlock:false
abr. 16, 2025 10:28:02 DA TARDE org.jaudiotagger.audio.flac.FlacInfoReader read
INFO: C:\Users\neves\Documents\MEGA\MotionWave\src\main\resources\wash away\08 - hello euphoria - outside.flac StartByte:507 BlockType:PADDING DataLength:8193 isLastBlock:true
]]></system-err>
  </testcase>
  <testcase name="durationTest" classname="motionwave.core.SongTest" time="0.002">
    <system-out><![CDATA[Reading file: C:\Users\neves\Documents\MEGA\MotionWave\src\main\resources\wash away\08 - hello euphoria - outside.flac
]]></system-out>
    <system-err><![CDATA[abr. 16, 2025 10:28:03 DA TARDE org.jaudiotagger.audio.flac.FlacInfoReader read
INFO: C:\Users\neves\Documents\MEGA\MotionWave\src\main\resources\wash away\08 - hello euphoria - outside.flac StartByte:4 BlockType:STREAMINFO DataLength:34 isLastBlock:false
abr. 16, 2025 10:28:03 DA TARDE org.jaudiotagger.audio.flac.FlacInfoReader read
INFO: C:\Users\neves\Documents\MEGA\MotionWave\src\main\resources\wash away\08 - hello euphoria - outside.flac StartByte:42 BlockType:VORBIS_COMMENT DataLength:259 isLastBlock:false
abr. 16, 2025 10:28:03 DA TARDE org.jaudiotagger.audio.flac.FlacInfoReader read
INFO: C:\Users\neves\Documents\MEGA\MotionWave\src\main\resources\wash away\08 - hello euphoria - outside.flac StartByte:305 BlockType:SEEKTABLE DataLength:198 isLastBlock:false
abr. 16, 2025 10:28:03 DA TARDE org.jaudiotagger.audio.flac.FlacInfoReader read
INFO: C:\Users\neves\Documents\MEGA\MotionWave\src\main\resources\wash away\08 - hello euphoria - outside.flac StartByte:507 BlockType:PADDING DataLength:8193 isLastBlock:true
]]></system-err>
  </testcase>
  <testcase name="yearTest" classname="motionwave.core.SongTest" time="0.002">
    <system-out><![CDATA[Reading file: C:\Users\neves\Documents\MEGA\MotionWave\src\main\resources\wash away\08 - hello euphoria - outside.flac
]]></system-out>
    <system-err><![CDATA[abr. 16, 2025 10:28:03 DA TARDE org.jaudiotagger.audio.flac.FlacInfoReader read
INFO: C:\Users\neves\Documents\MEGA\MotionWave\src\main\resources\wash away\08 - hello euphoria - outside.flac StartByte:4 BlockType:STREAMINFO DataLength:34 isLastBlock:false
abr. 16, 2025 10:28:03 DA TARDE org.jaudiotagger.audio.flac.FlacInfoReader read
INFO: C:\Users\neves\Documents\MEGA\MotionWave\src\main\resources\wash away\08 - hello euphoria - outside.flac StartByte:42 BlockType:VORBIS_COMMENT DataLength:259 isLastBlock:false
abr. 16, 2025 10:28:03 DA TARDE org.jaudiotagger.audio.flac.FlacInfoReader read
INFO: C:\Users\neves\Documents\MEGA\MotionWave\src\main\resources\wash away\08 - hello euphoria - outside.flac StartByte:305 BlockType:SEEKTABLE DataLength:198 isLastBlock:false
abr. 16, 2025 10:28:03 DA TARDE org.jaudiotagger.audio.flac.FlacInfoReader read
INFO: C:\Users\neves\Documents\MEGA\MotionWave\src\main\resources\wash away\08 - hello euphoria - outside.flac StartByte:507 BlockType:PADDING DataLength:8193 isLastBlock:true
]]></system-err>
  </testcase>
  <testcase name="albumTest" classname="motionwave.core.SongTest" time="0.003">
    <system-out><![CDATA[Reading file: C:\Users\neves\Documents\MEGA\MotionWave\src\main\resources\wash away\08 - hello euphoria - outside.flac
]]></system-out>
    <system-err><![CDATA[abr. 16, 2025 10:28:03 DA TARDE org.jaudiotagger.audio.flac.FlacInfoReader read
INFO: C:\Users\neves\Documents\MEGA\MotionWave\src\main\resources\wash away\08 - hello euphoria - outside.flac StartByte:4 BlockType:STREAMINFO DataLength:34 isLastBlock:false
abr. 16, 2025 10:28:03 DA TARDE org.jaudiotagger.audio.flac.FlacInfoReader read
INFO: C:\Users\neves\Documents\MEGA\MotionWave\src\main\resources\wash away\08 - hello euphoria - outside.flac StartByte:42 BlockType:VORBIS_COMMENT DataLength:259 isLastBlock:false
abr. 16, 2025 10:28:03 DA TARDE org.jaudiotagger.audio.flac.FlacInfoReader read
INFO: C:\Users\neves\Documents\MEGA\MotionWave\src\main\resources\wash away\08 - hello euphoria - outside.flac StartByte:305 BlockType:SEEKTABLE DataLength:198 isLastBlock:false
abr. 16, 2025 10:28:03 DA TARDE org.jaudiotagger.audio.flac.FlacInfoReader read
INFO: C:\Users\neves\Documents\MEGA\MotionWave\src\main\resources\wash away\08 - hello euphoria - outside.flac StartByte:507 BlockType:PADDING DataLength:8193 isLastBlock:true
]]></system-err>
  </testcase>
  <testcase name="artistTest" classname="motionwave.core.SongTest" time="0.003">
    <system-out><![CDATA[Reading file: C:\Users\neves\Documents\MEGA\MotionWave\src\main\resources\wash away\08 - hello euphoria - outside.flac
]]></system-out>
    <system-err><![CDATA[abr. 16, 2025 10:28:03 DA TARDE org.jaudiotagger.audio.flac.FlacInfoReader read
INFO: C:\Users\neves\Documents\MEGA\MotionWave\src\main\resources\wash away\08 - hello euphoria - outside.flac StartByte:4 BlockType:STREAMINFO DataLength:34 isLastBlock:false
abr. 16, 2025 10:28:03 DA TARDE org.jaudiotagger.audio.flac.FlacInfoReader read
INFO: C:\Users\neves\Documents\MEGA\MotionWave\src\main\resources\wash away\08 - hello euphoria - outside.flac StartByte:42 BlockType:VORBIS_COMMENT DataLength:259 isLastBlock:false
abr. 16, 2025 10:28:03 DA TARDE org.jaudiotagger.audio.flac.FlacInfoReader read
INFO: C:\Users\neves\Documents\MEGA\MotionWave\src\main\resources\wash away\08 - hello euphoria - outside.flac StartByte:305 BlockType:SEEKTABLE DataLength:198 isLastBlock:false
abr. 16, 2025 10:28:03 DA TARDE org.jaudiotagger.audio.flac.FlacInfoReader read
INFO: C:\Users\neves\Documents\MEGA\MotionWave\src\main\resources\wash away\08 - hello euphoria - outside.flac StartByte:507 BlockType:PADDING DataLength:8193 isLastBlock:true
]]></system-err>
  </testcase>
  <testcase name="genreTest" classname="motionwave.core.SongTest" time="0.003">
    <system-out><![CDATA[Reading file: C:\Users\neves\Documents\MEGA\MotionWave\src\main\resources\wash away\08 - hello euphoria - outside.flac
]]></system-out>
    <system-err><![CDATA[abr. 16, 2025 10:28:03 DA TARDE org.jaudiotagger.audio.flac.FlacInfoReader read
INFO: C:\Users\neves\Documents\MEGA\MotionWave\src\main\resources\wash away\08 - hello euphoria - outside.flac StartByte:4 BlockType:STREAMINFO DataLength:34 isLastBlock:false
abr. 16, 2025 10:28:03 DA TARDE org.jaudiotagger.audio.flac.FlacInfoReader read
INFO: C:\Users\neves\Documents\MEGA\MotionWave\src\main\resources\wash away\08 - hello euphoria - outside.flac StartByte:42 BlockType:VORBIS_COMMENT DataLength:259 isLastBlock:false
abr. 16, 2025 10:28:03 DA TARDE org.jaudiotagger.audio.flac.FlacInfoReader read
INFO: C:\Users\neves\Documents\MEGA\MotionWave\src\main\resources\wash away\08 - hello euphoria - outside.flac StartByte:305 BlockType:SEEKTABLE DataLength:198 isLastBlock:false
abr. 16, 2025 10:28:03 DA TARDE org.jaudiotagger.audio.flac.FlacInfoReader read
INFO: C:\Users\neves\Documents\MEGA\MotionWave\src\main\resources\wash away\08 - hello euphoria - outside.flac StartByte:507 BlockType:PADDING DataLength:8193 isLastBlock:true
]]></system-err>
  </testcase>
  <testcase name="trackNumberTest" classname="motionwave.core.SongTest" time="0.003">
    <system-out><![CDATA[Reading file: C:\Users\neves\Documents\MEGA\MotionWave\src\main\resources\wash away\08 - hello euphoria - outside.flac
]]></system-out>
    <system-err><![CDATA[abr. 16, 2025 10:28:03 DA TARDE org.jaudiotagger.audio.flac.FlacInfoReader read
INFO: C:\Users\neves\Documents\MEGA\MotionWave\src\main\resources\wash away\08 - hello euphoria - outside.flac StartByte:4 BlockType:STREAMINFO DataLength:34 isLastBlock:false
abr. 16, 2025 10:28:03 DA TARDE org.jaudiotagger.audio.flac.FlacInfoReader read
INFO: C:\Users\neves\Documents\MEGA\MotionWave\src\main\resources\wash away\08 - hello euphoria - outside.flac StartByte:42 BlockType:VORBIS_COMMENT DataLength:259 isLastBlock:false
abr. 16, 2025 10:28:03 DA TARDE org.jaudiotagger.audio.flac.FlacInfoReader read
INFO: C:\Users\neves\Documents\MEGA\MotionWave\src\main\resources\wash away\08 - hello euphoria - outside.flac StartByte:305 BlockType:SEEKTABLE DataLength:198 isLastBlock:false
abr. 16, 2025 10:28:03 DA TARDE org.jaudiotagger.audio.flac.FlacInfoReader read
INFO: C:\Users\neves\Documents\MEGA\MotionWave\src\main\resources\wash away\08 - hello euphoria - outside.flac StartByte:507 BlockType:PADDING DataLength:8193 isLastBlock:true
]]></system-err>
  </testcase>
  <testcase name="nameTest" classname="motionwave.core.SongTest" time="0.003">
    <system-out><![CDATA[Reading file: C:\Users\neves\Documents\MEGA\MotionWave\src\main\resources\wash away\08 - hello euphoria - outside.flac
]]></system-out>
    <system-err><![CDATA[abr. 16, 2025 10:28:03 DA TARDE org.jaudiotagger.audio.flac.FlacInfoReader read
INFO: C:\Users\neves\Documents\MEGA\MotionWave\src\main\resources\wash away\08 - hello euphoria - outside.flac StartByte:4 BlockType:STREAMINFO DataLength:34 isLastBlock:false
abr. 16, 2025 10:28:03 DA TARDE org.jaudiotagger.audio.flac.FlacInfoReader read
INFO: C:\Users\neves\Documents\MEGA\MotionWave\src\main\resources\wash away\08 - hello euphoria - outside.flac StartByte:42 BlockType:VORBIS_COMMENT DataLength:259 isLastBlock:false
abr. 16, 2025 10:28:03 DA TARDE org.jaudiotagger.audio.flac.FlacInfoReader read
INFO: C:\Users\neves\Documents\MEGA\MotionWave\src\main\resources\wash away\08 - hello euphoria - outside.flac StartByte:305 BlockType:SEEKTABLE DataLength:198 isLastBlock:false
abr. 16, 2025 10:28:03 DA TARDE org.jaudiotagger.audio.flac.FlacInfoReader read
INFO: C:\Users\neves\Documents\MEGA\MotionWave\src\main\resources\wash away\08 - hello euphoria - outside.flac StartByte:507 BlockType:PADDING DataLength:8193 isLastBlock:true
]]></system-err>
  </testcase>
</testsuite>